2012/08/01 15:09:23 [error] [exception.CHttpException.404] exception 'CHttpException' with message 'Unable to resolve the request "login".' in C:\xampp\htdocs\yii\framework\web\CWebApplication.php:280
Stack trace:
#0 C:\xampp\htdocs\yii\framework\web\CWebApplication.php(135): CWebApplication->runController('login')
#1 C:\xampp\htdocs\yii\framework\base\CApplication.php(162): CWebApplication->processRequest()
#2 C:\xampp\htdocs\compfest2012\index.php(13): CApplication->run()
#3 {main}
REQUEST_URI=/compfest2012/index.php?r=login
HTTP_REFERER=http://localhost/compfest2012/
---
2012/08/01 15:09:42 [error] [exception.CHttpException.404] exception 'CHttpException' with message 'Unable to resolve the request "login".' in C:\xampp\htdocs\yii\framework\web\CWebApplication.php:280
Stack trace:
#0 C:\xampp\htdocs\yii\framework\web\CWebApplication.php(135): CWebApplication->runController('login')
#1 C:\xampp\htdocs\yii\framework\base\CApplication.php(162): CWebApplication->processRequest()
#2 C:\xampp\htdocs\compfest2012\index.php(13): CApplication->run()
#3 {main}
REQUEST_URI=/compfest2012/index.php?r=login
HTTP_REFERER=http://localhost/compfest2012/index.php?r=login
---
2012/08/01 15:09:42 [error] [exception.CHttpException.404] exception 'CHttpException' with message 'Unable to resolve the request "login".' in C:\xampp\htdocs\yii\framework\web\CWebApplication.php:280
Stack trace:
#0 C:\xampp\htdocs\yii\framework\web\CWebApplication.php(135): CWebApplication->runController('login')
#1 C:\xampp\htdocs\yii\framework\base\CApplication.php(162): CWebApplication->processRequest()
#2 C:\xampp\htdocs\compfest2012\index.php(13): CApplication->run()
#3 {main}
REQUEST_URI=/compfest2012/index.php?r=login
HTTP_REFERER=http://localhost/compfest2012/index.php?r=login
---
2012/08/01 15:09:43 [error] [exception.CHttpException.404] exception 'CHttpException' with message 'Unable to resolve the request "login".' in C:\xampp\htdocs\yii\framework\web\CWebApplication.php:280
Stack trace:
#0 C:\xampp\htdocs\yii\framework\web\CWebApplication.php(135): CWebApplication->runController('login')
#1 C:\xampp\htdocs\yii\framework\base\CApplication.php(162): CWebApplication->processRequest()
#2 C:\xampp\htdocs\compfest2012\index.php(13): CApplication->run()
#3 {main}
REQUEST_URI=/compfest2012/index.php?r=login
HTTP_REFERER=http://localhost/compfest2012/index.php?r=login
---
2012/08/01 15:09:43 [error] [exception.CHttpException.404] exception 'CHttpException' with message 'Unable to resolve the request "login".' in C:\xampp\htdocs\yii\framework\web\CWebApplication.php:280
Stack trace:
#0 C:\xampp\htdocs\yii\framework\web\CWebApplication.php(135): CWebApplication->runController('login')
#1 C:\xampp\htdocs\yii\framework\base\CApplication.php(162): CWebApplication->processRequest()
#2 C:\xampp\htdocs\compfest2012\index.php(13): CApplication->run()
#3 {main}
REQUEST_URI=/compfest2012/index.php?r=login
HTTP_REFERER=http://localhost/compfest2012/index.php?r=login
---
2012/08/01 15:09:44 [error] [exception.CHttpException.404] exception 'CHttpException' with message 'Unable to resolve the request "login".' in C:\xampp\htdocs\yii\framework\web\CWebApplication.php:280
Stack trace:
#0 C:\xampp\htdocs\yii\framework\web\CWebApplication.php(135): CWebApplication->runController('login')
#1 C:\xampp\htdocs\yii\framework\base\CApplication.php(162): CWebApplication->processRequest()
#2 C:\xampp\htdocs\compfest2012\index.php(13): CApplication->run()
#3 {main}
REQUEST_URI=/compfest2012/index.php?r=login
HTTP_REFERER=http://localhost/compfest2012/index.php?r=login
---
2012/08/01 15:09:44 [error] [exception.CHttpException.404] exception 'CHttpException' with message 'Unable to resolve the request "login".' in C:\xampp\htdocs\yii\framework\web\CWebApplication.php:280
Stack trace:
#0 C:\xampp\htdocs\yii\framework\web\CWebApplication.php(135): CWebApplication->runController('login')
#1 C:\xampp\htdocs\yii\framework\base\CApplication.php(162): CWebApplication->processRequest()
#2 C:\xampp\htdocs\compfest2012\index.php(13): CApplication->run()
#3 {main}
REQUEST_URI=/compfest2012/index.php?r=login
HTTP_REFERER=http://localhost/compfest2012/index.php?r=login
---
2012/08/01 15:20:32 [error] [exception.CHttpException.404] exception 'CHttpException' with message 'The system is unable to find the requested action "view".' in C:\xampp\htdocs\yii\framework\web\CController.php:484
Stack trace:
#0 C:\xampp\htdocs\yii\framework\web\CController.php(271): CController->missingAction('view')
#1 C:\xampp\htdocs\yii\framework\web\CWebApplication.php(276): CController->run('view')
#2 C:\xampp\htdocs\yii\framework\web\CWebApplication.php(135): CWebApplication->runController('site/view')
#3 C:\xampp\htdocs\yii\framework\base\CApplication.php(162): CWebApplication->processRequest()
#4 C:\xampp\htdocs\compfest2012\index.php(13): CApplication->run()
#5 {main}
REQUEST_URI=/compfest2012/index.php/site/index
---
2012/08/01 15:20:35 [error] [exception.CHttpException.404] exception 'CHttpException' with message 'The system is unable to find the requested action "view".' in C:\xampp\htdocs\yii\framework\web\CController.php:484
Stack trace:
#0 C:\xampp\htdocs\yii\framework\web\CController.php(271): CController->missingAction('view')
#1 C:\xampp\htdocs\yii\framework\web\CWebApplication.php(276): CController->run('view')
#2 C:\xampp\htdocs\yii\framework\web\CWebApplication.php(135): CWebApplication->runController('site/view')
#3 C:\xampp\htdocs\yii\framework\base\CApplication.php(162): CWebApplication->processRequest()
#4 C:\xampp\htdocs\compfest2012\index.php(13): CApplication->run()
#5 {main}
REQUEST_URI=/compfest2012/index.php/site/index
---
2012/08/01 15:20:36 [error] [exception.CHttpException.404] exception 'CHttpException' with message 'The system is unable to find the requested action "view".' in C:\xampp\htdocs\yii\framework\web\CController.php:484
Stack trace:
#0 C:\xampp\htdocs\yii\framework\web\CController.php(271): CController->missingAction('view')
#1 C:\xampp\htdocs\yii\framework\web\CWebApplication.php(276): CController->run('view')
#2 C:\xampp\htdocs\yii\framework\web\CWebApplication.php(135): CWebApplication->runController('site/view')
#3 C:\xampp\htdocs\yii\framework\base\CApplication.php(162): CWebApplication->processRequest()
#4 C:\xampp\htdocs\compfest2012\index.php(13): CApplication->run()
#5 {main}
REQUEST_URI=/compfest2012/index.php/site/index
---
2012/08/01 15:20:36 [error] [exception.CHttpException.404] exception 'CHttpException' with message 'The system is unable to find the requested action "view".' in C:\xampp\htdocs\yii\framework\web\CController.php:484
Stack trace:
#0 C:\xampp\htdocs\yii\framework\web\CController.php(271): CController->missingAction('view')
#1 C:\xampp\htdocs\yii\framework\web\CWebApplication.php(276): CController->run('view')
#2 C:\xampp\htdocs\yii\framework\web\CWebApplication.php(135): CWebApplication->runController('site/view')
#3 C:\xampp\htdocs\yii\framework\base\CApplication.php(162): CWebApplication->processRequest()
#4 C:\xampp\htdocs\compfest2012\index.php(13): CApplication->run()
#5 {main}
REQUEST_URI=/compfest2012/index.php/site/index
---
2012/08/01 15:20:36 [error] [exception.CHttpException.404] exception 'CHttpException' with message 'The system is unable to find the requested action "view".' in C:\xampp\htdocs\yii\framework\web\CController.php:484
Stack trace:
#0 C:\xampp\htdocs\yii\framework\web\CController.php(271): CController->missingAction('view')
#1 C:\xampp\htdocs\yii\framework\web\CWebApplication.php(276): CController->run('view')
#2 C:\xampp\htdocs\yii\framework\web\CWebApplication.php(135): CWebApplication->runController('site/view')
#3 C:\xampp\htdocs\yii\framework\base\CApplication.php(162): CWebApplication->processRequest()
#4 C:\xampp\htdocs\compfest2012\index.php(13): CApplication->run()
#5 {main}
REQUEST_URI=/compfest2012/index.php/site/index
---
2012/08/01 15:20:36 [error] [exception.CHttpException.404] exception 'CHttpException' with message 'The system is unable to find the requested action "view".' in C:\xampp\htdocs\yii\framework\web\CController.php:484
Stack trace:
#0 C:\xampp\htdocs\yii\framework\web\CController.php(271): CController->missingAction('view')
#1 C:\xampp\htdocs\yii\framework\web\CWebApplication.php(276): CController->run('view')
#2 C:\xampp\htdocs\yii\framework\web\CWebApplication.php(135): CWebApplication->runController('site/view')
#3 C:\xampp\htdocs\yii\framework\base\CApplication.php(162): CWebApplication->processRequest()
#4 C:\xampp\htdocs\compfest2012\index.php(13): CApplication->run()
#5 {main}
REQUEST_URI=/compfest2012/index.php/site/index
---
2012/08/01 15:20:36 [error] [exception.CHttpException.404] exception 'CHttpException' with message 'The system is unable to find the requested action "view".' in C:\xampp\htdocs\yii\framework\web\CController.php:484
Stack trace:
#0 C:\xampp\htdocs\yii\framework\web\CController.php(271): CController->missingAction('view')
#1 C:\xampp\htdocs\yii\framework\web\CWebApplication.php(276): CController->run('view')
#2 C:\xampp\htdocs\yii\framework\web\CWebApplication.php(135): CWebApplication->runController('site/view')
#3 C:\xampp\htdocs\yii\framework\base\CApplication.php(162): CWebApplication->processRequest()
#4 C:\xampp\htdocs\compfest2012\index.php(13): CApplication->run()
#5 {main}
REQUEST_URI=/compfest2012/index.php/site/index
---
2012/08/01 15:20:36 [error] [exception.CHttpException.404] exception 'CHttpException' with message 'The system is unable to find the requested action "view".' in C:\xampp\htdocs\yii\framework\web\CController.php:484
Stack trace:
#0 C:\xampp\htdocs\yii\framework\web\CController.php(271): CController->missingAction('view')
#1 C:\xampp\htdocs\yii\framework\web\CWebApplication.php(276): CController->run('view')
#2 C:\xampp\htdocs\yii\framework\web\CWebApplication.php(135): CWebApplication->runController('site/view')
#3 C:\xampp\htdocs\yii\framework\base\CApplication.php(162): CWebApplication->processRequest()
#4 C:\xampp\htdocs\compfest2012\index.php(13): CApplication->run()
#5 {main}
REQUEST_URI=/compfest2012/index.php/site/index
---
2012/08/01 15:20:36 [error] [exception.CHttpException.404] exception 'CHttpException' with message 'The system is unable to find the requested action "view".' in C:\xampp\htdocs\yii\framework\web\CController.php:484
Stack trace:
#0 C:\xampp\htdocs\yii\framework\web\CController.php(271): CController->missingAction('view')
#1 C:\xampp\htdocs\yii\framework\web\CWebApplication.php(276): CController->run('view')
#2 C:\xampp\htdocs\yii\framework\web\CWebApplication.php(135): CWebApplication->runController('site/view')
#3 C:\xampp\htdocs\yii\framework\base\CApplication.php(162): CWebApplication->processRequest()
#4 C:\xampp\htdocs\compfest2012\index.php(13): CApplication->run()
#5 {main}
REQUEST_URI=/compfest2012/index.php/site/index
---
2012/08/01 15:20:36 [error] [exception.CHttpException.404] exception 'CHttpException' with message 'The system is unable to find the requested action "view".' in C:\xampp\htdocs\yii\framework\web\CController.php:484
Stack trace:
#0 C:\xampp\htdocs\yii\framework\web\CController.php(271): CController->missingAction('view')
#1 C:\xampp\htdocs\yii\framework\web\CWebApplication.php(276): CController->run('view')
#2 C:\xampp\htdocs\yii\framework\web\CWebApplication.php(135): CWebApplication->runController('site/view')
#3 C:\xampp\htdocs\yii\framework\base\CApplication.php(162): CWebApplication->processRequest()
#4 C:\xampp\htdocs\compfest2012\index.php(13): CApplication->run()
#5 {main}
REQUEST_URI=/compfest2012/index.php/site/index
---
2012/08/01 15:20:36 [error] [exception.CHttpException.404] exception 'CHttpException' with message 'The system is unable to find the requested action "view".' in C:\xampp\htdocs\yii\framework\web\CController.php:484
Stack trace:
#0 C:\xampp\htdocs\yii\framework\web\CController.php(271): CController->missingAction('view')
#1 C:\xampp\htdocs\yii\framework\web\CWebApplication.php(276): CController->run('view')
#2 C:\xampp\htdocs\yii\framework\web\CWebApplication.php(135): CWebApplication->runController('site/view')
#3 C:\xampp\htdocs\yii\framework\base\CApplication.php(162): CWebApplication->processRequest()
#4 C:\xampp\htdocs\compfest2012\index.php(13): CApplication->run()
#5 {main}
REQUEST_URI=/compfest2012/index.php/site/index
---
2012/08/01 15:20:36 [error] [exception.CHttpException.404] exception 'CHttpException' with message 'The system is unable to find the requested action "view".' in C:\xampp\htdocs\yii\framework\web\CController.php:484
Stack trace:
#0 C:\xampp\htdocs\yii\framework\web\CController.php(271): CController->missingAction('view')
#1 C:\xampp\htdocs\yii\framework\web\CWebApplication.php(276): CController->run('view')
#2 C:\xampp\htdocs\yii\framework\web\CWebApplication.php(135): CWebApplication->runController('site/view')
#3 C:\xampp\htdocs\yii\framework\base\CApplication.php(162): CWebApplication->processRequest()
#4 C:\xampp\htdocs\compfest2012\index.php(13): CApplication->run()
#5 {main}
REQUEST_URI=/compfest2012/index.php/site/index
---
2012/08/01 15:20:36 [error] [exception.CHttpException.404] exception 'CHttpException' with message 'The system is unable to find the requested action "view".' in C:\xampp\htdocs\yii\framework\web\CController.php:484
Stack trace:
#0 C:\xampp\htdocs\yii\framework\web\CController.php(271): CController->missingAction('view')
#1 C:\xampp\htdocs\yii\framework\web\CWebApplication.php(276): CController->run('view')
#2 C:\xampp\htdocs\yii\framework\web\CWebApplication.php(135): CWebApplication->runController('site/view')
#3 C:\xampp\htdocs\yii\framework\base\CApplication.php(162): CWebApplication->processRequest()
#4 C:\xampp\htdocs\compfest2012\index.php(13): CApplication->run()
#5 {main}
REQUEST_URI=/compfest2012/index.php/site/index
---
2012/08/01 15:20:37 [error] [exception.CHttpException.404] exception 'CHttpException' with message 'The system is unable to find the requested action "view".' in C:\xampp\htdocs\yii\framework\web\CController.php:484
Stack trace:
#0 C:\xampp\htdocs\yii\framework\web\CController.php(271): CController->missingAction('view')
#1 C:\xampp\htdocs\yii\framework\web\CWebApplication.php(276): CController->run('view')
#2 C:\xampp\htdocs\yii\framework\web\CWebApplication.php(135): CWebApplication->runController('site/view')
#3 C:\xampp\htdocs\yii\framework\base\CApplication.php(162): CWebApplication->processRequest()
#4 C:\xampp\htdocs\compfest2012\index.php(13): CApplication->run()
#5 {main}
REQUEST_URI=/compfest2012/index.php/site/index
---
2012/08/01 15:20:37 [error] [exception.CHttpException.404] exception 'CHttpException' with message 'The system is unable to find the requested action "view".' in C:\xampp\htdocs\yii\framework\web\CController.php:484
Stack trace:
#0 C:\xampp\htdocs\yii\framework\web\CController.php(271): CController->missingAction('view')
#1 C:\xampp\htdocs\yii\framework\web\CWebApplication.php(276): CController->run('view')
#2 C:\xampp\htdocs\yii\framework\web\CWebApplication.php(135): CWebApplication->runController('site/view')
#3 C:\xampp\htdocs\yii\framework\base\CApplication.php(162): CWebApplication->processRequest()
#4 C:\xampp\htdocs\compfest2012\index.php(13): CApplication->run()
#5 {main}
REQUEST_URI=/compfest2012/index.php/site/index
---
2012/08/01 15:20:37 [error] [exception.CHttpException.404] exception 'CHttpException' with message 'The system is unable to find the requested action "view".' in C:\xampp\htdocs\yii\framework\web\CController.php:484
Stack trace:
#0 C:\xampp\htdocs\yii\framework\web\CController.php(271): CController->missingAction('view')
#1 C:\xampp\htdocs\yii\framework\web\CWebApplication.php(276): CController->run('view')
#2 C:\xampp\htdocs\yii\framework\web\CWebApplication.php(135): CWebApplication->runController('site/view')
#3 C:\xampp\htdocs\yii\framework\base\CApplication.php(162): CWebApplication->processRequest()
#4 C:\xampp\htdocs\compfest2012\index.php(13): CApplication->run()
#5 {main}
REQUEST_URI=/compfest2012/index.php/site/index
---
2012/08/01 15:21:58 [error] [exception.CHttpException.404] exception 'CHttpException' with message 'The system is unable to find the requested action "view".' in C:\xampp\htdocs\yii\framework\web\CController.php:484
Stack trace:
#0 C:\xampp\htdocs\yii\framework\web\CController.php(271): CController->missingAction('view')
#1 C:\xampp\htdocs\yii\framework\web\CWebApplication.php(276): CController->run('view')
#2 C:\xampp\htdocs\yii\framework\web\CWebApplication.php(135): CWebApplication->runController('site/view')
#3 C:\xampp\htdocs\yii\framework\base\CApplication.php(162): CWebApplication->processRequest()
#4 C:\xampp\htdocs\compfest2012\index.php(13): CApplication->run()
#5 {main}
REQUEST_URI=/compfest2012/index.php/site/view
---
2012/08/01 15:22:00 [error] [exception.CHttpException.404] exception 'CHttpException' with message 'The system is unable to find the requested action "view".' in C:\xampp\htdocs\yii\framework\web\CController.php:484
Stack trace:
#0 C:\xampp\htdocs\yii\framework\web\CController.php(271): CController->missingAction('view')
#1 C:\xampp\htdocs\yii\framework\web\CWebApplication.php(276): CController->run('view')
#2 C:\xampp\htdocs\yii\framework\web\CWebApplication.php(135): CWebApplication->runController('site/view')
#3 C:\xampp\htdocs\yii\framework\base\CApplication.php(162): CWebApplication->processRequest()
#4 C:\xampp\htdocs\compfest2012\index.php(13): CApplication->run()
#5 {main}
REQUEST_URI=/compfest2012/index.php/site/view
---
2012/08/01 15:22:58 [error] [exception.CHttpException.404] exception 'CHttpException' with message 'The system is unable to find the requested action "view".' in C:\xampp\htdocs\yii\framework\web\CController.php:484
Stack trace:
#0 C:\xampp\htdocs\yii\framework\web\CController.php(271): CController->missingAction('view')
#1 C:\xampp\htdocs\yii\framework\web\CWebApplication.php(276): CController->run('view')
#2 C:\xampp\htdocs\yii\framework\web\CWebApplication.php(135): CWebApplication->runController('site/view')
#3 C:\xampp\htdocs\yii\framework\base\CApplication.php(162): CWebApplication->processRequest()
#4 C:\xampp\htdocs\compfest2012\index.php(13): CApplication->run()
#5 {main}
REQUEST_URI=/compfest2012/index.php/site/view
---
2012/08/01 15:23:00 [error] [exception.CHttpException.404] exception 'CHttpException' with message 'The system is unable to find the requested action "view".' in C:\xampp\htdocs\yii\framework\web\CController.php:484
Stack trace:
#0 C:\xampp\htdocs\yii\framework\web\CController.php(271): CController->missingAction('view')
#1 C:\xampp\htdocs\yii\framework\web\CWebApplication.php(276): CController->run('view')
#2 C:\xampp\htdocs\yii\framework\web\CWebApplication.php(135): CWebApplication->runController('site/view')
#3 C:\xampp\htdocs\yii\framework\base\CApplication.php(162): CWebApplication->processRequest()
#4 C:\xampp\htdocs\compfest2012\index.php(13): CApplication->run()
#5 {main}
REQUEST_URI=/compfest2012/index.php/site/view
---
2012/08/01 15:23:04 [error] [exception.CHttpException.404] exception 'CHttpException' with message 'Unable to resolve the request "index.php/site".' in C:\xampp\htdocs\yii\framework\web\CWebApplication.php:280
Stack trace:
#0 C:\xampp\htdocs\yii\framework\web\CWebApplication.php(135): CWebApplication->runController('index.php/site')
#1 C:\xampp\htdocs\yii\framework\base\CApplication.php(162): CWebApplication->processRequest()
#2 C:\xampp\htdocs\compfest2012\index.php(13): CApplication->run()
#3 {main}
REQUEST_URI=/compfest2012/index.php/site/index
---
2012/08/01 15:35:35 [error] [exception.CHttpException.404] exception 'CHttpException' with message 'Unable to resolve the request "login".' in C:\xampp\htdocs\yii\framework\web\CWebApplication.php:280
Stack trace:
#0 C:\xampp\htdocs\yii\framework\web\CWebApplication.php(135): CWebApplication->runController('login')
#1 C:\xampp\htdocs\yii\framework\base\CApplication.php(162): CWebApplication->processRequest()
#2 C:\xampp\htdocs\compfest2012\index.php(13): CApplication->run()
#3 {main}
REQUEST_URI=/compfest2012/index.php/login
HTTP_REFERER=http://localhost/compfest2012/
---
2012/08/01 15:35:36 [error] [exception.CHttpException.404] exception 'CHttpException' with message 'Unable to resolve the request "login".' in C:\xampp\htdocs\yii\framework\web\CWebApplication.php:280
Stack trace:
#0 C:\xampp\htdocs\yii\framework\web\CWebApplication.php(135): CWebApplication->runController('login')
#1 C:\xampp\htdocs\yii\framework\base\CApplication.php(162): CWebApplication->processRequest()
#2 C:\xampp\htdocs\compfest2012\index.php(13): CApplication->run()
#3 {main}
REQUEST_URI=/compfest2012/index.php/login
HTTP_REFERER=http://localhost/compfest2012/index.php/login
---
2012/08/01 15:35:37 [error] [exception.CHttpException.404] exception 'CHttpException' with message 'Unable to resolve the request "login".' in C:\xampp\htdocs\yii\framework\web\CWebApplication.php:280
Stack trace:
#0 C:\xampp\htdocs\yii\framework\web\CWebApplication.php(135): CWebApplication->runController('login')
#1 C:\xampp\htdocs\yii\framework\base\CApplication.php(162): CWebApplication->processRequest()
#2 C:\xampp\htdocs\compfest2012\index.php(13): CApplication->run()
#3 {main}
REQUEST_URI=/compfest2012/index.php/login
HTTP_REFERER=http://localhost/compfest2012/index.php/login
---
2012/08/01 15:35:45 [error] [exception.CHttpException.404] exception 'CHttpException' with message 'Unable to resolve the request "login".' in C:\xampp\htdocs\yii\framework\web\CWebApplication.php:280
Stack trace:
#0 C:\xampp\htdocs\yii\framework\web\CWebApplication.php(135): CWebApplication->runController('login')
#1 C:\xampp\htdocs\yii\framework\base\CApplication.php(162): CWebApplication->processRequest()
#2 C:\xampp\htdocs\compfest2012\index.php(13): CApplication->run()
#3 {main}
REQUEST_URI=/compfest2012/index.php/login
HTTP_REFERER=http://localhost/compfest2012/index.php/site/index
---
2012/08/01 15:36:01 [error] [exception.CHttpException.404] exception 'CHttpException' with message 'Unable to resolve the request "login".' in C:\xampp\htdocs\yii\framework\web\CWebApplication.php:280
Stack trace:
#0 C:\xampp\htdocs\yii\framework\web\CWebApplication.php(135): CWebApplication->runController('login')
#1 C:\xampp\htdocs\yii\framework\base\CApplication.php(162): CWebApplication->processRequest()
#2 C:\xampp\htdocs\compfest2012\index.php(13): CApplication->run()
#3 {main}
REQUEST_URI=/compfest2012/index.php/login
---
2012/08/01 15:36:27 [error] [exception.CHttpException.404] exception 'CHttpException' with message 'Unable to resolve the request "login".' in C:\xampp\htdocs\yii\framework\web\CWebApplication.php:280
Stack trace:
#0 C:\xampp\htdocs\yii\framework\web\CWebApplication.php(135): CWebApplication->runController('login')
#1 C:\xampp\htdocs\yii\framework\base\CApplication.php(162): CWebApplication->processRequest()
#2 C:\xampp\htdocs\compfest2012\index.php(13): CApplication->run()
#3 {main}
REQUEST_URI=/compfest2012/index.php/login
---
2012/08/01 15:36:27 [error] [exception.CHttpException.404] exception 'CHttpException' with message 'Unable to resolve the request "login".' in C:\xampp\htdocs\yii\framework\web\CWebApplication.php:280
Stack trace:
#0 C:\xampp\htdocs\yii\framework\web\CWebApplication.php(135): CWebApplication->runController('login')
#1 C:\xampp\htdocs\yii\framework\base\CApplication.php(162): CWebApplication->processRequest()
#2 C:\xampp\htdocs\compfest2012\index.php(13): CApplication->run()
#3 {main}
REQUEST_URI=/compfest2012/index.php/login
---
2012/08/01 15:36:28 [error] [exception.CHttpException.404] exception 'CHttpException' with message 'Unable to resolve the request "login".' in C:\xampp\htdocs\yii\framework\web\CWebApplication.php:280
Stack trace:
#0 C:\xampp\htdocs\yii\framework\web\CWebApplication.php(135): CWebApplication->runController('login')
#1 C:\xampp\htdocs\yii\framework\base\CApplication.php(162): CWebApplication->processRequest()
#2 C:\xampp\htdocs\compfest2012\index.php(13): CApplication->run()
#3 {main}
REQUEST_URI=/compfest2012/index.php/login
---
2012/08/01 15:36:30 [error] [exception.CException] exception 'CException' with message 'UserController cannot find the requested view "../users/login".' in C:\xampp\htdocs\yii\framework\web\CController.php:879
Stack trace:
#0 C:\xampp\htdocs\yii\framework\web\CController.php(783): CController->renderPartial('../users/login', Array, true)
#1 C:\xampp\htdocs\compfest2012\protected\controllers\UserController.php(35): CController->render('../users/login', Array)
#2 C:\xampp\htdocs\yii\framework\web\actions\CInlineAction.php(50): UserController->actionLogin()
#3 C:\xampp\htdocs\yii\framework\web\CController.php(309): CInlineAction->runWithParams(Array)
#4 C:\xampp\htdocs\yii\framework\web\CController.php(287): CController->runAction(Object(CInlineAction))
#5 C:\xampp\htdocs\yii\framework\web\CController.php(266): CController->runActionWithFilters(Object(CInlineAction), Array)
#6 C:\xampp\htdocs\yii\framework\web\CWebApplication.php(276): CController->run('login')
#7 C:\xampp\htdocs\yii\framework\web\CWebApplication.php(135): CWebApplication->runController('user/login')
#8 C:\xampp\htdocs\yii\framework\base\CApplication.php(162): CWebApplication->processRequest()
#9 C:\xampp\htdocs\compfest2012\index.php(13): CApplication->run()
#10 {main}
REQUEST_URI=/compfest2012/index.php/user/login
HTTP_REFERER=http://localhost/compfest2012/index.php/login
---
2012/08/01 15:37:17 [error] [exception.CException] exception 'CException' with message 'UserController cannot find the requested view "../user/login".' in C:\xampp\htdocs\yii\framework\web\CController.php:879
Stack trace:
#0 C:\xampp\htdocs\yii\framework\web\CController.php(783): CController->renderPartial('../user/login', Array, true)
#1 C:\xampp\htdocs\compfest2012\protected\controllers\UserController.php(35): CController->render('../user/login', Array)
#2 C:\xampp\htdocs\yii\framework\web\actions\CInlineAction.php(50): UserController->actionLogin()
#3 C:\xampp\htdocs\yii\framework\web\CController.php(309): CInlineAction->runWithParams(Array)
#4 C:\xampp\htdocs\yii\framework\web\CController.php(287): CController->runAction(Object(CInlineAction))
#5 C:\xampp\htdocs\yii\framework\web\CController.php(266): CController->runActionWithFilters(Object(CInlineAction), Array)
#6 C:\xampp\htdocs\yii\framework\web\CWebApplication.php(276): CController->run('login')
#7 C:\xampp\htdocs\yii\framework\web\CWebApplication.php(135): CWebApplication->runController('user/login')
#8 C:\xampp\htdocs\yii\framework\base\CApplication.php(162): CWebApplication->processRequest()
#9 C:\xampp\htdocs\compfest2012\index.php(13): CApplication->run()
#10 {main}
REQUEST_URI=/compfest2012/index.php/user/login
HTTP_REFERER=http://localhost/compfest2012/index.php/login
---
2012/08/01 15:37:18 [error] [exception.CException] exception 'CException' with message 'UserController cannot find the requested view "../user/login".' in C:\xampp\htdocs\yii\framework\web\CController.php:879
Stack trace:
#0 C:\xampp\htdocs\yii\framework\web\CController.php(783): CController->renderPartial('../user/login', Array, true)
#1 C:\xampp\htdocs\compfest2012\protected\controllers\UserController.php(35): CController->render('../user/login', Array)
#2 C:\xampp\htdocs\yii\framework\web\actions\CInlineAction.php(50): UserController->actionLogin()
#3 C:\xampp\htdocs\yii\framework\web\CController.php(309): CInlineAction->runWithParams(Array)
#4 C:\xampp\htdocs\yii\framework\web\CController.php(287): CController->runAction(Object(CInlineAction))
#5 C:\xampp\htdocs\yii\framework\web\CController.php(266): CController->runActionWithFilters(Object(CInlineAction), Array)
#6 C:\xampp\htdocs\yii\framework\web\CWebApplication.php(276): CController->run('login')
#7 C:\xampp\htdocs\yii\framework\web\CWebApplication.php(135): CWebApplication->runController('user/login')
#8 C:\xampp\htdocs\yii\framework\base\CApplication.php(162): CWebApplication->processRequest()
#9 C:\xampp\htdocs\compfest2012\index.php(13): CApplication->run()
#10 {main}
REQUEST_URI=/compfest2012/index.php/user/login
HTTP_REFERER=http://localhost/compfest2012/index.php/login
---
2012/08/01 15:37:18 [error] [exception.CException] exception 'CException' with message 'UserController cannot find the requested view "../user/login".' in C:\xampp\htdocs\yii\framework\web\CController.php:879
Stack trace:
#0 C:\xampp\htdocs\yii\framework\web\CController.php(783): CController->renderPartial('../user/login', Array, true)
#1 C:\xampp\htdocs\compfest2012\protected\controllers\UserController.php(35): CController->render('../user/login', Array)
#2 C:\xampp\htdocs\yii\framework\web\actions\CInlineAction.php(50): UserController->actionLogin()
#3 C:\xampp\htdocs\yii\framework\web\CController.php(309): CInlineAction->runWithParams(Array)
#4 C:\xampp\htdocs\yii\framework\web\CController.php(287): CController->runAction(Object(CInlineAction))
#5 C:\xampp\htdocs\yii\framework\web\CController.php(266): CController->runActionWithFilters(Object(CInlineAction), Array)
#6 C:\xampp\htdocs\yii\framework\web\CWebApplication.php(276): CController->run('login')
#7 C:\xampp\htdocs\yii\framework\web\CWebApplication.php(135): CWebApplication->runController('user/login')
#8 C:\xampp\htdocs\yii\framework\base\CApplication.php(162): CWebApplication->processRequest()
#9 C:\xampp\htdocs\compfest2012\index.php(13): CApplication->run()
#10 {main}
REQUEST_URI=/compfest2012/index.php/user/login
HTTP_REFERER=http://localhost/compfest2012/index.php/login
---
2012/08/01 15:37:18 [error] [exception.CException] exception 'CException' with message 'UserController cannot find the requested view "../user/login".' in C:\xampp\htdocs\yii\framework\web\CController.php:879
Stack trace:
#0 C:\xampp\htdocs\yii\framework\web\CController.php(783): CController->renderPartial('../user/login', Array, true)
#1 C:\xampp\htdocs\compfest2012\protected\controllers\UserController.php(35): CController->render('../user/login', Array)
#2 C:\xampp\htdocs\yii\framework\web\actions\CInlineAction.php(50): UserController->actionLogin()
#3 C:\xampp\htdocs\yii\framework\web\CController.php(309): CInlineAction->runWithParams(Array)
#4 C:\xampp\htdocs\yii\framework\web\CController.php(287): CController->runAction(Object(CInlineAction))
#5 C:\xampp\htdocs\yii\framework\web\CController.php(266): CController->runActionWithFilters(Object(CInlineAction), Array)
#6 C:\xampp\htdocs\yii\framework\web\CWebApplication.php(276): CController->run('login')
#7 C:\xampp\htdocs\yii\framework\web\CWebApplication.php(135): CWebApplication->runController('user/login')
#8 C:\xampp\htdocs\yii\framework\base\CApplication.php(162): CWebApplication->processRequest()
#9 C:\xampp\htdocs\compfest2012\index.php(13): CApplication->run()
#10 {main}
REQUEST_URI=/compfest2012/index.php/user/login
HTTP_REFERER=http://localhost/compfest2012/index.php/login
---
2012/08/01 15:37:18 [error] [exception.CException] exception 'CException' with message 'UserController cannot find the requested view "../user/login".' in C:\xampp\htdocs\yii\framework\web\CController.php:879
Stack trace:
#0 C:\xampp\htdocs\yii\framework\web\CController.php(783): CController->renderPartial('../user/login', Array, true)
#1 C:\xampp\htdocs\compfest2012\protected\controllers\UserController.php(35): CController->render('../user/login', Array)
#2 C:\xampp\htdocs\yii\framework\web\actions\CInlineAction.php(50): UserController->actionLogin()
#3 C:\xampp\htdocs\yii\framework\web\CController.php(309): CInlineAction->runWithParams(Array)
#4 C:\xampp\htdocs\yii\framework\web\CController.php(287): CController->runAction(Object(CInlineAction))
#5 C:\xampp\htdocs\yii\framework\web\CController.php(266): CController->runActionWithFilters(Object(CInlineAction), Array)
#6 C:\xampp\htdocs\yii\framework\web\CWebApplication.php(276): CController->run('login')
#7 C:\xampp\htdocs\yii\framework\web\CWebApplication.php(135): CWebApplication->runController('user/login')
#8 C:\xampp\htdocs\yii\framework\base\CApplication.php(162): CWebApplication->processRequest()
#9 C:\xampp\htdocs\compfest2012\index.php(13): CApplication->run()
#10 {main}
REQUEST_URI=/compfest2012/index.php/user/login
HTTP_REFERER=http://localhost/compfest2012/index.php/login
---
2012/08/02 04:21:05 [error] [php] include(Users.php): failed to open stream: No such file or directory (C:\xampp\htdocs\yii\framework\YiiBase.php:418)
Stack trace:
#0 C:\xampp\htdocs\compfest2012\protected\models\RegistrationForm.php(7): spl_autoload_call()
#1 C:\xampp\htdocs\yii\framework\YiiBase.php(418): include()
#2 unknown(0): autoload()
#3 C:\xampp\htdocs\compfest2012\protected\controllers\UserController.php(43): spl_autoload_call()
#4 C:\xampp\htdocs\yii\framework\web\actions\CInlineAction.php(50): UserController->actionRegister()
#5 C:\xampp\htdocs\yii\framework\web\CController.php(309): CInlineAction->runWithParams()
#6 C:\xampp\htdocs\yii\framework\web\CController.php(287): UserController->runAction()
#7 C:\xampp\htdocs\yii\framework\web\CController.php(266): UserController->runActionWithFilters()
#8 C:\xampp\htdocs\yii\framework\web\CWebApplication.php(276): UserController->run()
#9 C:\xampp\htdocs\yii\framework\web\CWebApplication.php(135): CWebApplication->runController()
#10 C:\xampp\htdocs\yii\framework\base\CApplication.php(162): CWebApplication->processRequest()
#11 C:\xampp\htdocs\compfest2012\index.php(13): CWebApplication->run()
REQUEST_URI=/compfest2012/user/register
in C:\xampp\htdocs\compfest2012\protected\models\RegistrationForm.php (7)
in C:\xampp\htdocs\compfest2012\protected\controllers\UserController.php (43)
in C:\xampp\htdocs\compfest2012\index.php (13)
2012/08/02 04:21:34 [error] [php] include(UActiveRecord.php): failed to open stream: No such file or directory (C:\xampp\htdocs\yii\framework\YiiBase.php:418)
Stack trace:
#0 C:\xampp\htdocs\compfest2012\protected\models\Profiles.php(15): spl_autoload_call()
#1 C:\xampp\htdocs\yii\framework\YiiBase.php(418): include()
#2 unknown(0): autoload()
#3 C:\xampp\htdocs\compfest2012\protected\controllers\UserController.php(44): spl_autoload_call()
#4 C:\xampp\htdocs\yii\framework\web\actions\CInlineAction.php(50): UserController->actionRegister()
#5 C:\xampp\htdocs\yii\framework\web\CController.php(309): CInlineAction->runWithParams()
#6 C:\xampp\htdocs\yii\framework\web\CController.php(287): UserController->runAction()
#7 C:\xampp\htdocs\yii\framework\web\CController.php(266): UserController->runActionWithFilters()
#8 C:\xampp\htdocs\yii\framework\web\CWebApplication.php(276): UserController->run()
#9 C:\xampp\htdocs\yii\framework\web\CWebApplication.php(135): CWebApplication->runController()
#10 C:\xampp\htdocs\yii\framework\base\CApplication.php(162): CWebApplication->processRequest()
#11 C:\xampp\htdocs\compfest2012\index.php(13): CWebApplication->run()
REQUEST_URI=/compfest2012/user/register
in C:\xampp\htdocs\compfest2012\protected\models\Profiles.php (15)
in C:\xampp\htdocs\compfest2012\protected\controllers\UserController.php (44)
in C:\xampp\htdocs\compfest2012\index.php (13)
2012/08/02 04:22:28 [error] [system.db.CDbCommand] CDbCommand::fetchAll() failed: SQLSTATE[42S02]: Base table or view not found: 1146 Table 'webkmb2.{{profiles}}' doesn't exist. The SQL statement executed was: SHOW COLUMNS FROM `webkmb2`.`{{profiles}}`.
in C:\xampp\htdocs\compfest2012\protected\controllers\UserController.php (44)
in C:\xampp\htdocs\compfest2012\index.php (13)
2012/08/02 04:22:28 [error] [exception.CDbException] exception 'CDbException' with message 'The table "webkmb2.{{profiles}}" for active record class "Profiles" cannot be found in the database.' in C:\xampp\htdocs\yii\framework\db\ar\CActiveRecord.php:2264
Stack trace:
#0 C:\xampp\htdocs\yii\framework\db\ar\CActiveRecord.php(379): CActiveRecordMetaData->__construct(Object(Profiles))
#1 C:\xampp\htdocs\yii\framework\db\ar\CActiveRecord.php(394): CActiveRecord::model('Profiles')
#2 C:\xampp\htdocs\yii\framework\db\ar\CActiveRecord.php(78): CActiveRecord->getMetaData()
#3 C:\xampp\htdocs\compfest2012\protected\controllers\UserController.php(44): CActiveRecord->__construct()
#4 C:\xampp\htdocs\yii\framework\web\actions\CInlineAction.php(50): UserController->actionRegister()
#5 C:\xampp\htdocs\yii\framework\web\CController.php(309): CInlineAction->runWithParams(Array)
#6 C:\xampp\htdocs\yii\framework\web\CController.php(287): CController->runAction(Object(CInlineAction))
#7 C:\xampp\htdocs\yii\framework\web\CController.php(266): CController->runActionWithFilters(Object(CInlineAction), Array)
#8 C:\xampp\htdocs\yii\framework\web\CWebApplication.php(276): CController->run('register')
#9 C:\xampp\htdocs\yii\framework\web\CWebApplication.php(135): CWebApplication->runController('user/register')
#10 C:\xampp\htdocs\yii\framework\base\CApplication.php(162): CWebApplication->processRequest()
#11 C:\xampp\htdocs\compfest2012\index.php(13): CApplication->run()
#12 {main}
REQUEST_URI=/compfest2012/user/register
---
2012/08/02 04:23:45 [error] [exception.CException] exception 'CException' with message 'UserController cannot find the requested view "/user/registration".' in C:\xampp\htdocs\yii\framework\web\CController.php:879
Stack trace:
#0 C:\xampp\htdocs\yii\framework\web\CController.php(783): CController->renderPartial('/user/registrat...', Array, true)
#1 C:\xampp\htdocs\compfest2012\protected\controllers\UserController.php(81): CController->render('/user/registrat...', Array)
#2 C:\xampp\htdocs\yii\framework\web\actions\CInlineAction.php(50): UserController->actionRegister()
#3 C:\xampp\htdocs\yii\framework\web\CController.php(309): CInlineAction->runWithParams(Array)
#4 C:\xampp\htdocs\yii\framework\web\CController.php(287): CController->runAction(Object(CInlineAction))
#5 C:\xampp\htdocs\yii\framework\web\CController.php(266): CController->runActionWithFilters(Object(CInlineAction), Array)
#6 C:\xampp\htdocs\yii\framework\web\CWebApplication.php(276): CController->run('register')
#7 C:\xampp\htdocs\yii\framework\web\CWebApplication.php(135): CWebApplication->runController('user/register')
#8 C:\xampp\htdocs\yii\framework\base\CApplication.php(162): CWebApplication->processRequest()
#9 C:\xampp\htdocs\compfest2012\index.php(13): CApplication->run()
#10 {main}
REQUEST_URI=/compfest2012/user/register
---
2012/08/02 04:25:02 [error] [php] include(UActiveForm.php): failed to open stream: No such file or directory (C:\xampp\htdocs\yii\framework\YiiBase.php:418)
Stack trace:
#0 C:\xampp\htdocs\yii\framework\web\CWidgetFactory.php(147): import()
#1 C:\xampp\htdocs\yii\framework\web\CBaseController.php(147): CWidgetFactory->createWidget()
#2 C:\xampp\htdocs\yii\framework\web\CBaseController.php(190): UserController->createWidget()
#3 C:\xampp\htdocs\compfest2012\protected\views\user\registration.php(24): UserController->beginWidget()
#4 C:\xampp\htdocs\yii\framework\web\CBaseController.php(127): require()
#5 C:\xampp\htdocs\yii\framework\web\CBaseController.php(96): UserController->renderInternal()
#6 C:\xampp\htdocs\yii\framework\web\CController.php(870): UserController->renderFile()
#7 C:\xampp\htdocs\yii\framework\web\CController.php(783): UserController->renderPartial()
#8 C:\xampp\htdocs\compfest2012\protected\controllers\UserController.php(81): UserController->render()
#9 C:\xampp\htdocs\yii\framework\web\actions\CInlineAction.php(50): UserController->actionRegister()
#10 C:\xampp\htdocs\yii\framework\web\CController.php(309): CInlineAction->runWithParams()
#11 C:\xampp\htdocs\yii\framework\web\CController.php(287): UserController->runAction()
#12 C:\xampp\htdocs\yii\framework\web\CController.php(266): UserController->runActionWithFilters()
#13 C:\xampp\htdocs\yii\framework\web\CWebApplication.php(276): UserController->run()
#14 C:\xampp\htdocs\yii\framework\web\CWebApplication.php(135): CWebApplication->runController()
#15 C:\xampp\htdocs\yii\framework\base\CApplication.php(162): CWebApplication->processRequest()
#16 C:\xampp\htdocs\compfest2012\index.php(13): CWebApplication->run()
REQUEST_URI=/compfest2012/user/register
in C:\xampp\htdocs\compfest2012\protected\views\user\registration.php (24)
in C:\xampp\htdocs\compfest2012\protected\controllers\UserController.php (81)
in C:\xampp\htdocs\compfest2012\index.php (13)
2012/08/02 04:49:13 [error] [exception.CHttpException.404] exception 'CHttpException' with message 'The system is unable to find the requested action "index.php".' in C:\xampp\htdocs\yii\framework\web\CController.php:484
Stack trace:
#0 C:\xampp\htdocs\yii\framework\web\CController.php(271): CController->missingAction('index.php')
#1 C:\xampp\htdocs\yii\framework\web\CWebApplication.php(276): CController->run('index.php')
#2 C:\xampp\htdocs\yii\framework\web\CWebApplication.php(135): CWebApplication->runController('materi/index.ph...')
#3 C:\xampp\htdocs\yii\framework\base\CApplication.php(162): CWebApplication->processRequest()
#4 C:\xampp\htdocs\compfest2012\index.php(13): CApplication->run()
#5 {main}
REQUEST_URI=/compfest2012/materi/index.php
---
2012/08/02 04:49:42 [error] [exception.CHttpException.404] exception 'CHttpException' with message 'The requested page does not exist.' in C:\xampp\htdocs\compfest2012\protected\controllers\MateriController.php:42
Stack trace:
#0 C:\xampp\htdocs\compfest2012\protected\controllers\MateriController.php(24): MateriController->loadModel()
#1 C:\xampp\htdocs\yii\framework\web\actions\CInlineAction.php(50): MateriController->actionView()
#2 C:\xampp\htdocs\yii\framework\web\CController.php(309): CInlineAction->runWithParams(Array)
#3 C:\xampp\htdocs\yii\framework\web\CController.php(287): CController->runAction(Object(CInlineAction))
#4 C:\xampp\htdocs\yii\framework\web\CController.php(266): CController->runActionWithFilters(Object(CInlineAction), Array)
#5 C:\xampp\htdocs\yii\framework\web\CWebApplication.php(276): CController->run('view')
#6 C:\xampp\htdocs\yii\framework\web\CWebApplication.php(135): CWebApplication->runController('materi/view')
#7 C:\xampp\htdocs\yii\framework\base\CApplication.php(162): CWebApplication->processRequest()
#8 C:\xampp\htdocs\compfest2012\index.php(13): CApplication->run()
#9 {main}
REQUEST_URI=/compfest2012/materi/view
---
2012/08/02 04:51:17 [error] [system.db.CDbCommand] CDbCommand::fetchAll() failed: SQLSTATE[42S22]: Column not found: 1054 Unknown column 'update_time' in 'order clause'. The SQL statement executed was: SELECT * FROM `materi` `t` ORDER BY update_time DESC LIMIT 5.
in C:\xampp\htdocs\compfest2012\protected\views\materi\index.php (20)
in C:\xampp\htdocs\compfest2012\protected\controllers\MateriController.php (19)
in C:\xampp\htdocs\compfest2012\index.php (13)
2012/08/02 04:51:17 [error] [exception.CDbException] exception 'CDbException' with message 'CDbCommand failed to execute the SQL statement: SQLSTATE[42S22]: Column not found: 1054 Unknown column 'update_time' in 'order clause'. The SQL statement executed was: SELECT * FROM `materi` `t` ORDER BY update_time DESC LIMIT 5' in C:\xampp\htdocs\yii\framework\db\CDbCommand.php:528
Stack trace:
#0 C:\xampp\htdocs\yii\framework\db\CDbCommand.php(390): CDbCommand->queryInternal('fetchAll', Array, Array)
#1 C:\xampp\htdocs\yii\framework\db\ar\CActiveRecord.php(1287): CDbCommand->queryAll()
#2 C:\xampp\htdocs\yii\framework\db\ar\CActiveRecord.php(1406): CActiveRecord->query(Object(CDbCriteria), true)
#3 C:\xampp\htdocs\yii\framework\web\CActiveDataProvider.php(150): CActiveRecord->findAll(Object(CDbCriteria))
#4 C:\xampp\htdocs\yii\framework\web\CDataProvider.php(137): CActiveDataProvider->fetchData()
#5 C:\xampp\htdocs\yii\framework\zii\widgets\CBaseListView.php(105): CDataProvider->getData()
#6 C:\xampp\htdocs\yii\framework\zii\widgets\CListView.php(173): CBaseListView->init()
#7 C:\xampp\htdocs\yii\framework\web\CBaseController.php(148): CListView->init()
#8 C:\xampp\htdocs\yii\framework\web\CBaseController.php(173): CBaseController->createWidget('zii.widgets.CLi...', Array)
#9 C:\xampp\htdocs\compfest2012\protected\views\materi\index.php(20): CBaseController->widget('zii.widgets.CLi...', Array)
#10 C:\xampp\htdocs\yii\framework\web\CBaseController.php(127): require('C:\xampp\htdocs...')
#11 C:\xampp\htdocs\yii\framework\web\CBaseController.php(96): CBaseController->renderInternal('C:\xampp\htdocs...', Array, true)
#12 C:\xampp\htdocs\yii\framework\web\CController.php(870): CBaseController->renderFile('C:\xampp\htdocs...', Array, true)
#13 C:\xampp\htdocs\yii\framework\web\CController.php(783): CController->renderPartial('index', Array, true)
#14 C:\xampp\htdocs\compfest2012\protected\controllers\MateriController.php(19): CController->render('index', Array)
#15 C:\xampp\htdocs\yii\framework\web\actions\CInlineAction.php(50): MateriController->actionIndex()
#16 C:\xampp\htdocs\yii\framework\web\CController.php(309): CInlineAction->runWithParams(Array)
#17 C:\xampp\htdocs\yii\framework\web\CController.php(287): CController->runAction(Object(CInlineAction))
#18 C:\xampp\htdocs\yii\framework\web\CController.php(266): CController->runActionWithFilters(Object(CInlineAction), Array)
#19 C:\xampp\htdocs\yii\framework\web\CWebApplication.php(276): CController->run('index')
#20 C:\xampp\htdocs\yii\framework\web\CWebApplication.php(135): CWebApplication->runController('materi/index')
#21 C:\xampp\htdocs\yii\framework\base\CApplication.php(162): CWebApplication->processRequest()
#22 C:\xampp\htdocs\compfest2012\index.php(13): CApplication->run()
#23 {main}
REQUEST_URI=/compfest2012/materi/index
---
2012/08/02 05:53:10 [error] [php] strpos() expects parameter 1 to be string, array given (C:\xampp\htdocs\yii\framework\web\CController.php:707)
Stack trace:
#0 C:\xampp\htdocs\yii\framework\web\CController.php(868): SiteController->getViewFile()
#1 C:\xampp\htdocs\yii\framework\web\CController.php(783): SiteController->renderPartial()
#2 C:\xampp\htdocs\compfest2012\protected\controllers\SiteController.php(32): SiteController->render()
#3 C:\xampp\htdocs\yii\framework\web\actions\CInlineAction.php(50): SiteController->actionIndex()
#4 C:\xampp\htdocs\yii\framework\web\CController.php(309): CInlineAction->runWithParams()
#5 C:\xampp\htdocs\yii\framework\web\CController.php(287): SiteController->runAction()
#6 C:\xampp\htdocs\yii\framework\web\CController.php(266): SiteController->runActionWithFilters()
#7 C:\xampp\htdocs\yii\framework\web\CWebApplication.php(276): SiteController->run()
#8 C:\xampp\htdocs\yii\framework\web\CWebApplication.php(135): CWebApplication->runController()
#9 C:\xampp\htdocs\yii\framework\base\CApplication.php(162): CWebApplication->processRequest()
#10 C:\xampp\htdocs\compfest2012\index.php(13): CWebApplication->run()
REQUEST_URI=/compfest2012/site/index
in C:\xampp\htdocs\compfest2012\protected\controllers\SiteController.php (32)
in C:\xampp\htdocs\compfest2012\index.php (13)
2012/08/02 06:55:31 [error] [exception.CHttpException.400] exception 'CHttpException' with message 'Invalid request. Please do not repeat this request again.' in C:\xampp\htdocs\compfest2012\protected\controllers\UserController.php:31
Stack trace:
#0 C:\xampp\htdocs\yii\framework\web\actions\CInlineAction.php(50): UserController->actionLogin()
#1 C:\xampp\htdocs\yii\framework\web\CController.php(309): CInlineAction->runWithParams(Array)
#2 C:\xampp\htdocs\yii\framework\web\CController.php(287): CController->runAction(Object(CInlineAction))
#3 C:\xampp\htdocs\yii\framework\web\CController.php(266): CController->runActionWithFilters(Object(CInlineAction), Array)
#4 C:\xampp\htdocs\yii\framework\web\CWebApplication.php(276): CController->run('login')
#5 C:\xampp\htdocs\yii\framework\web\CWebApplication.php(135): CWebApplication->runController('user/login')
#6 C:\xampp\htdocs\yii\framework\base\CApplication.php(162): CWebApplication->processRequest()
#7 C:\xampp\htdocs\compfest2012\index.php(13): CApplication->run()
#8 {main}
REQUEST_URI=/compfest2012/user/login
HTTP_REFERER=http://localhost/compfest2012/user/login
---
2012/08/02 06:55:34 [error] [exception.CHttpException.400] exception 'CHttpException' with message 'Invalid request. Please do not repeat this request again.' in C:\xampp\htdocs\compfest2012\protected\controllers\UserController.php:31
Stack trace:
#0 C:\xampp\htdocs\yii\framework\web\actions\CInlineAction.php(50): UserController->actionLogin()
#1 C:\xampp\htdocs\yii\framework\web\CController.php(309): CInlineAction->runWithParams(Array)
#2 C:\xampp\htdocs\yii\framework\web\CController.php(287): CController->runAction(Object(CInlineAction))
#3 C:\xampp\htdocs\yii\framework\web\CController.php(266): CController->runActionWithFilters(Object(CInlineAction), Array)
#4 C:\xampp\htdocs\yii\framework\web\CWebApplication.php(276): CController->run('login')
#5 C:\xampp\htdocs\yii\framework\web\CWebApplication.php(135): CWebApplication->runController('user/login')
#6 C:\xampp\htdocs\yii\framework\base\CApplication.php(162): CWebApplication->processRequest()
#7 C:\xampp\htdocs\compfest2012\index.php(13): CApplication->run()
#8 {main}
REQUEST_URI=/compfest2012/user/login
HTTP_REFERER=http://localhost/compfest2012/user/login
---
2012/08/02 17:09:04 [error] [exception.CDbException] exception 'CDbException' with message 'CDbConnection failed to open the DB connection: SQLSTATE[42000] [1049] Unknown database 'compfest2012-2'' in C:\xampp\htdocs\codeur-de-chevalier\compfest2012\yii\framework\db\CDbConnection.php:382
Stack trace:
#0 C:\xampp\htdocs\codeur-de-chevalier\compfest2012\yii\framework\db\CDbConnection.php(331): CDbConnection->open()
#1 C:\xampp\htdocs\codeur-de-chevalier\compfest2012\yii\framework\db\CDbConnection.php(309): CDbConnection->setActive(true)
#2 C:\xampp\htdocs\codeur-de-chevalier\compfest2012\yii\framework\base\CModule.php(388): CDbConnection->init()
#3 C:\xampp\htdocs\codeur-de-chevalier\compfest2012\yii\framework\base\CApplication.php(431): CModule->getComponent('db')
#4 C:\xampp\htdocs\codeur-de-chevalier\compfest2012\yii\framework\db\ar\CActiveRecord.php(615): CApplication->getDb()
#5 C:\xampp\htdocs\codeur-de-chevalier\compfest2012\yii\framework\db\ar\CActiveRecord.php(2263): CActiveRecord->getDbConnection()
#6 C:\xampp\htdocs\codeur-de-chevalier\compfest2012\yii\framework\db\ar\CActiveRecord.php(379): CActiveRecordMetaData->__construct(Object(Materi))
#7 C:\xampp\htdocs\codeur-de-chevalier\compfest2012\yii\framework\web\CActiveDataProvider.php(75): CActiveRecord::model('Materi')
#8 C:\xampp\htdocs\codeur-de-chevalier\compfest2012\protected\controllers\MateriController.php(13): CActiveDataProvider->__construct('Materi', Array)
#9 C:\xampp\htdocs\codeur-de-chevalier\compfest2012\yii\framework\web\actions\CInlineAction.php(50): MateriController->actionIndex()
#10 C:\xampp\htdocs\codeur-de-chevalier\compfest2012\yii\framework\web\CController.php(309): CInlineAction->runWithParams(Array)
#11 C:\xampp\htdocs\codeur-de-chevalier\compfest2012\yii\framework\web\CController.php(287): CController->runAction(Object(CInlineAction))
#12 C:\xampp\htdocs\codeur-de-chevalier\compfest2012\yii\framework\web\CController.php(266): CController->runActionWithFilters(Object(CInlineAction), Array)
#13 C:\xampp\htdocs\codeur-de-chevalier\compfest2012\yii\framework\web\CWebApplication.php(276): CController->run('index')
#14 C:\xampp\htdocs\codeur-de-chevalier\compfest2012\yii\framework\web\CWebApplication.php(135): CWebApplication->runController('materi/index')
#15 C:\xampp\htdocs\codeur-de-chevalier\compfest2012\yii\framework\base\CApplication.php(162): CWebApplication->processRequest()
#16 C:\xampp\htdocs\codeur-de-chevalier\compfest2012\index.php(13): CApplication->run()
#17 {main}
REQUEST_URI=/codeur-de-chevalier/compfest2012/materi/index
---
2012/08/02 17:09:12 [error] [exception.CDbException] exception 'CDbException' with message 'CDbConnection failed to open the DB connection: SQLSTATE[42000] [1049] Unknown database 'compfest2012-2'' in C:\xampp\htdocs\codeur-de-chevalier\compfest2012\yii\framework\db\CDbConnection.php:382
Stack trace:
#0 C:\xampp\htdocs\codeur-de-chevalier\compfest2012\yii\framework\db\CDbConnection.php(331): CDbConnection->open()
#1 C:\xampp\htdocs\codeur-de-chevalier\compfest2012\yii\framework\db\CDbConnection.php(309): CDbConnection->setActive(true)
#2 C:\xampp\htdocs\codeur-de-chevalier\compfest2012\yii\framework\base\CModule.php(388): CDbConnection->init()
#3 C:\xampp\htdocs\codeur-de-chevalier\compfest2012\yii\framework\base\CApplication.php(431): CModule->getComponent('db')
#4 C:\xampp\htdocs\codeur-de-chevalier\compfest2012\yii\framework\db\ar\CActiveRecord.php(615): CApplication->getDb()
#5 C:\xampp\htdocs\codeur-de-chevalier\compfest2012\yii\framework\db\ar\CActiveRecord.php(2263): CActiveRecord->getDbConnection()
#6 C:\xampp\htdocs\codeur-de-chevalier\compfest2012\yii\framework\db\ar\CActiveRecord.php(379): CActiveRecordMetaData->__construct(Object(Materi))
#7 C:\xampp\htdocs\codeur-de-chevalier\compfest2012\yii\framework\web\CActiveDataProvider.php(75): CActiveRecord::model('Materi')
#8 C:\xampp\htdocs\codeur-de-chevalier\compfest2012\protected\controllers\MateriController.php(13): CActiveDataProvider->__construct('Materi', Array)
#9 C:\xampp\htdocs\codeur-de-chevalier\compfest2012\yii\framework\web\actions\CInlineAction.php(50): MateriController->actionIndex()
#10 C:\xampp\htdocs\codeur-de-chevalier\compfest2012\yii\framework\web\CController.php(309): CInlineAction->runWithParams(Array)
#11 C:\xampp\htdocs\codeur-de-chevalier\compfest2012\yii\framework\web\CController.php(287): CController->runAction(Object(CInlineAction))
#12 C:\xampp\htdocs\codeur-de-chevalier\compfest2012\yii\framework\web\CController.php(266): CController->runActionWithFilters(Object(CInlineAction), Array)
#13 C:\xampp\htdocs\codeur-de-chevalier\compfest2012\yii\framework\web\CWebApplication.php(276): CController->run('index')
#14 C:\xampp\htdocs\codeur-de-chevalier\compfest2012\yii\framework\web\CWebApplication.php(135): CWebApplication->runController('materi/index')
#15 C:\xampp\htdocs\codeur-de-chevalier\compfest2012\yii\framework\base\CApplication.php(162): CWebApplication->processRequest()
#16 C:\xampp\htdocs\codeur-de-chevalier\compfest2012\index.php(13): CApplication->run()
#17 {main}
REQUEST_URI=/codeur-de-chevalier/compfest2012/materi/index
---
